# JRE version: Java(TM) SE Runtime Environment (8.0_191-b12) (build 1.8.0_191-b12)
# Java VM: Java HotSpot(TM) 64-Bit Server VM (25.191-b12 mixed mode windows-amd64 compressed oops)
Heap:
 PSYoungGen      total 233984K, used 80766K [0x00000000d6100000, 0x00000000eb580000, 0x0000000100000000)
  eden space 217600K, 37% used [0x00000000d6100000,0x00000000dafdfa30,0x00000000e3580000)
  from space 16384K, 0% used [0x00000000e3580000,0x00000000e3580000,0x00000000e4580000)
  to   space 15360K, 0% used [0x00000000ea680000,0x00000000ea680000,0x00000000eb580000)
 ParOldGen       total 75776K, used 26263K [0x0000000082200000, 0x0000000086c00000, 0x00000000d6100000)
  object space 75776K, 34% used [0x0000000082200000,0x0000000083ba5c28,0x0000000086c00000)
 Metaspace       used 42118K, capacity 43870K, committed 44112K, reserved 1087488K
  class space    used 5313K, capacity 5690K, committed 5760K, reserved 1048576K
GC Heap History (10 events):
Event: 6.747 GC heap before
{Heap before GC invocations=8 (full 1):
 PSYoungGen      total 126976K, used 126612K [0x00000000d6100000, 0x00000000def00000, 0x0000000100000000)
  eden space 121344K, 100% used [0x00000000d6100000,0x00000000dd780000,0x00000000dd780000)
  from space 5632K, 93% used [0x00000000de980000,0x00000000deea53e0,0x00000000def00000)
  to   space 8704K, 0% used [0x00000000dde00000,0x00000000dde00000,0x00000000de680000)
 ParOldGen       total 47104K, used 5802K [0x0000000082200000, 0x0000000085000000, 0x00000000d6100000)
  object space 47104K, 12% used [0x0000000082200000,0x00000000827aab90,0x0000000085000000)
 Metaspace       used 29518K, capacity 30984K, committed 31228K, reserved 1077248K
  class space    used 3987K, capacity 4300K, committed 4352K, reserved 1048576K
Event: 6.765 GC heap after
Heap after GC invocations=8 (full 1):
 PSYoungGen      total 136704K, used 8692K [0x00000000d6100000, 0x00000000e5300000, 0x0000000100000000)
  eden space 128000K, 0% used [0x00000000d6100000,0x00000000d6100000,0x00000000dde00000)
  from space 8704K, 99% used [0x00000000dde00000,0x00000000de67d0b0,0x00000000de680000)
  to   space 13824K, 0% used [0x00000000e4580000,0x00000000e4580000,0x00000000e5300000)
 ParOldGen       total 47104K, used 13905K [0x0000000082200000, 0x0000000085000000, 0x00000000d6100000)
  object space 47104K, 29% used [0x0000000082200000,0x0000000082f94448,0x0000000085000000)
 Metaspace       used 29518K, capacity 30984K, committed 31228K, reserved 1077248K
  class space    used 3987K, capacity 4300K, committed 4352K, reserved 1048576K
}
Event: 18.378 GC heap before
{Heap before GC invocations=9 (full 1):
 PSYoungGen      total 136704K, used 78250K [0x00000000d6100000, 0x00000000e5300000, 0x0000000100000000)
  eden space 128000K, 54% used [0x00000000d6100000,0x00000000da4ed8b0,0x00000000dde00000)
  from space 8704K, 99% used [0x00000000dde00000,0x00000000de67d0b0,0x00000000de680000)
  to   space 13824K, 0% used [0x00000000e4580000,0x00000000e4580000,0x00000000e5300000)
 ParOldGen       total 47104K, used 13905K [0x0000000082200000, 0x0000000085000000, 0x00000000d6100000)
  object space 47104K, 29% used [0x0000000082200000,0x0000000082f94448,0x0000000085000000)
 Metaspace       used 34410K, capacity 35958K, committed 36048K, reserved 1081344K
  class space    used 4503K, capacity 4823K, committed 4864K, reserved 1048576K
Event: 18.428 GC heap after
Heap after GC invocations=9 (full 1):
 PSYoungGen      total 231424K, used 13816K [0x00000000d6100000, 0x00000000e5e80000, 0x0000000100000000)
  eden space 217600K, 0% used [0x00000000d6100000,0x00000000d6100000,0x00000000e3580000)
  from space 13824K, 99% used [0x00000000e4580000,0x00000000e52fe328,0x00000000e5300000)
  to   space 16384K, 0% used [0x00000000e3580000,0x00000000e3580000,0x00000000e4580000)
 ParOldGen       total 47104K, used 14933K [0x0000000082200000, 0x0000000085000000, 0x00000000d6100000)
  object space 47104K, 31% used [0x0000000082200000,0x0000000083095688,0x0000000085000000)
 Metaspace       used 34410K, capacity 35958K, committed 36048K, reserved 1081344K
  class space    used 4503K, capacity 4823K, committed 4864K, reserved 1048576K
}
Event: 18.428 GC heap before
{Heap before GC invocations=10 (full 2):
 PSYoungGen      total 231424K, used 13816K [0x00000000d6100000, 0x00000000e5e80000, 0x0000000100000000)
  eden space 217600K, 0% used [0x00000000d6100000,0x00000000d6100000,0x00000000e3580000)
  from space 13824K, 99% used [0x00000000e4580000,0x00000000e52fe328,0x00000000e5300000)
  to   space 16384K, 0% used [0x00000000e3580000,0x00000000e3580000,0x00000000e4580000)
 ParOldGen       total 47104K, used 14933K [0x0000000082200000, 0x0000000085000000, 0x00000000d6100000)
  object space 47104K, 31% used [0x0000000082200000,0x0000000083095688,0x0000000085000000)
 Metaspace       used 34410K, capacity 35958K, committed 36048K, reserved 1081344K
  class space    used 4503K, capacity 4823K, committed 4864K, reserved 1048576K
Event: 18.654 GC heap after
Heap after GC invocations=10 (full 2):
 PSYoungGen      total 231424K, used 0K [0x00000000d6100000, 0x00000000e5e80000, 0x0000000100000000)
  eden space 217600K, 0% used [0x00000000d6100000,0x00000000d6100000,0x00000000e3580000)
  from space 13824K, 0% used [0x00000000e4580000,0x00000000e4580000,0x00000000e5300000)
  to   space 16384K, 0% used [0x00000000e3580000,0x00000000e3580000,0x00000000e4580000)
 ParOldGen       total 75776K, used 23388K [0x0000000082200000, 0x0000000086c00000, 0x00000000d6100000)
  object space 75776K, 30% used [0x0000000082200000,0x00000000838d7250,0x0000000086c00000)
 Metaspace       used 34410K, capacity 35958K, committed 36048K, reserved 1081344K
  class space    used 4503K, capacity 4823K, committed 4864K, reserved 1048576K
}
Event: 922.558 GC heap before
{Heap before GC invocations=11 (full 2):
 PSYoungGen      total 231424K, used 107072K [0x00000000d6100000, 0x00000000e5e80000, 0x0000000100000000)
  eden space 217600K, 49% used [0x00000000d6100000,0x00000000dc990078,0x00000000e3580000)
  from space 13824K, 0% used [0x00000000e4580000,0x00000000e4580000,0x00000000e5300000)
  to   space 16384K, 0% used [0x00000000e3580000,0x00000000e3580000,0x00000000e4580000)
 ParOldGen       total 75776K, used 23388K [0x0000000082200000, 0x0000000086c00000, 0x00000000d6100000)
  object space 75776K, 30% used [0x0000000082200000,0x00000000838d7250,0x0000000086c00000)
 Metaspace       used 41878K, capacity 43596K, committed 43856K, reserved 1087488K
  class space    used 5283K, capacity 5634K, committed 5760K, reserved 1048576K
Event: 922.609 GC heap after
Heap after GC invocations=11 (full 2):
 PSYoungGen      total 233984K, used 8528K [0x00000000d6100000, 0x00000000eb580000, 0x0000000100000000)
  eden space 217600K, 0% used [0x00000000d6100000,0x00000000d6100000,0x00000000e3580000)
  from space 16384K, 52% used [0x00000000e3580000,0x00000000e3dd4280,0x00000000e4580000)
  to   space 15360K, 0% used [0x00000000ea680000,0x00000000ea680000,0x00000000eb580000)
 ParOldGen       total 75776K, used 23396K [0x0000000082200000, 0x0000000086c00000, 0x00000000d6100000)
  object space 75776K, 30% used [0x0000000082200000,0x00000000838d9250,0x0000000086c00000)
 Metaspace       used 41878K, capacity 43596K, committed 43856K, reserved 1087488K
  class space    used 5283K, capacity 5634K, committed 5760K, reserved 1048576K
}
Event: 922.609 GC heap before
{Heap before GC invocations=12 (full 3):
 PSYoungGen      total 233984K, used 8528K [0x00000000d6100000, 0x00000000eb580000, 0x0000000100000000)
  eden space 217600K, 0% used [0x00000000d6100000,0x00000000d6100000,0x00000000e3580000)
  from space 16384K, 52% used [0x00000000e3580000,0x00000000e3dd4280,0x00000000e4580000)
  to   space 15360K, 0% used [0x00000000ea680000,0x00000000ea680000,0x00000000eb580000)
 ParOldGen       total 75776K, used 23396K [0x0000000082200000, 0x0000000086c00000, 0x00000000d6100000)
  object space 75776K, 30% used [0x0000000082200000,0x00000000838d9250,0x0000000086c00000)
 Metaspace       used 41878K, capacity 43596K, committed 43856K, reserved 1087488K
  class space    used 5283K, capacity 5634K, committed 5760K, reserved 1048576K
Event: 923.028 GC heap after
Heap after GC invocations=12 (full 3):
 PSYoungGen      total 233984K, used 0K [0x00000000d6100000, 0x00000000eb580000, 0x0000000100000000)
  eden space 217600K, 0% used [0x00000000d6100000,0x00000000d6100000,0x00000000e3580000)
  from space 16384K, 0% used [0x00000000e3580000,0x00000000e3580000,0x00000000e4580000)
  to   space 15360K, 0% used [0x00000000ea680000,0x00000000ea680000,0x00000000eb580000)
 ParOldGen       total 75776K, used 26263K [0x0000000082200000, 0x0000000086c00000, 0x00000000d6100000)
  object space 75776K, 34% used [0x0000000082200000,0x0000000083ba5c28,0x0000000086c00000)
 Metaspace       used 41869K, capacity 43586K, committed 43856K, reserved 1087488K
  class space    used 5282K, capacity 5632K, committed 5760K, reserved 1048576K
}

